<?xml version="1.0" encoding="UTF-8" ?>
<testsuite failures="0" time="0.02" errors="0" skipped="0" tests="1" name="com.training.cellstore.service.CellPhoneServiceTest">
  <properties>
    <property name="java.runtime.name" value="Java(TM) SE Runtime Environment"/>
    <property name="sun.boot.library.path" value="C:\env\Java\jdk1.6.0_26\jre\bin"/>
    <property name="java.vm.version" value="20.1-b02"/>
    <property name="java.vm.vendor" value="Sun Microsystems Inc."/>
    <property name="java.vendor.url" value="http://java.sun.com/"/>
    <property name="path.separator" value=";"/>
    <property name="java.vm.name" value="Java HotSpot(TM) 64-Bit Server VM"/>
    <property name="file.encoding.pkg" value="sun.io"/>
    <property name="user.country" value="US"/>
    <property name="sun.java.launcher" value="SUN_STANDARD"/>
    <property name="sun.os.patch.level" value=""/>
    <property name="java.vm.specification.name" value="Java Virtual Machine Specification"/>
    <property name="user.dir" value="C:\Projects\RajSpringCellStore"/>
    <property name="java.runtime.version" value="1.6.0_26-b03"/>
    <property name="java.awt.graphicsenv" value="sun.awt.Win32GraphicsEnvironment"/>
    <property name="basedir" value="C:\Projects\RajSpringCellStore"/>
    <property name="java.endorsed.dirs" value="C:\env\Java\jdk1.6.0_26\jre\lib\endorsed"/>
    <property name="os.arch" value="amd64"/>
    <property name="surefire.real.class.path" value="C:\Users\Mohit\AppData\Local\Temp\surefirebooter1756280587930085002.jar"/>
    <property name="java.io.tmpdir" value="C:\Users\Mohit\AppData\Local\Temp\"/>
    <property name="line.separator" value="
"/>
    <property name="java.vm.specification.vendor" value="Sun Microsystems Inc."/>
    <property name="user.variant" value=""/>
    <property name="os.name" value="Windows 7"/>
    <property name="sun.jnu.encoding" value="Cp1252"/>
    <property name="java.library.path" value="C:\env\Java\jdk1.6.0_26\jre\bin;C:\Windows\Sun\Java\bin;C:\Windows\system32;C:\Windows;C:\env\Java\jdk1.6.0_26;C:\Program Files\MySQL\MySQL Server 5.5\bin;."/>
    <property name="surefire.test.class.path" value="C:\Projects\RajSpringCellStore\target\test-classes;C:\Projects\RajSpringCellStore\target\classes;C:\Users\Mohit\.m2\repository\junit\junit\4.9\junit-4.9.jar;C:\Users\Mohit\.m2\repository\org\hamcrest\hamcrest-core\1.1\hamcrest-core-1.1.jar;C:\Users\Mohit\.m2\repository\org\springframework\spring-context\3.0.6.RELEASE\spring-context-3.0.6.RELEASE.jar;C:\Users\Mohit\.m2\repository\org\springframework\spring-aop\3.0.6.RELEASE\spring-aop-3.0.6.RELEASE.jar;C:\Users\Mohit\.m2\repository\aopalliance\aopalliance\1.0\aopalliance-1.0.jar;C:\Users\Mohit\.m2\repository\org\springframework\spring-asm\3.0.6.RELEASE\spring-asm-3.0.6.RELEASE.jar;C:\Users\Mohit\.m2\repository\org\springframework\spring-beans\3.0.6.RELEASE\spring-beans-3.0.6.RELEASE.jar;C:\Users\Mohit\.m2\repository\org\springframework\spring-core\3.0.6.RELEASE\spring-core-3.0.6.RELEASE.jar;C:\Users\Mohit\.m2\repository\commons-logging\commons-logging\1.0.4\commons-logging-1.0.4.jar;C:\Users\Mohit\.m2\repository\org\springframework\spring-expression\3.0.6.RELEASE\spring-expression-3.0.6.RELEASE.jar;C:\Users\Mohit\.m2\repository\org\springframework\spring-web\3.0.6.RELEASE\spring-web-3.0.6.RELEASE.jar;C:\Users\Mohit\.m2\repository\mysql\mysql-connector-java\5.1.17\mysql-connector-java-5.1.17.jar;C:\Users\Mohit\.m2\repository\struts\struts\1.2.9\struts-1.2.9.jar;C:\Users\Mohit\.m2\repository\commons-beanutils\commons-beanutils\1.7.0\commons-beanutils-1.7.0.jar;C:\Users\Mohit\.m2\repository\commons-digester\commons-digester\1.6\commons-digester-1.6.jar;C:\Users\Mohit\.m2\repository\commons-collections\commons-collections\2.1\commons-collections-2.1.jar;C:\Users\Mohit\.m2\repository\xml-apis\xml-apis\1.0.b2\xml-apis-1.0.b2.jar;C:\Users\Mohit\.m2\repository\commons-fileupload\commons-fileupload\1.0\commons-fileupload-1.0.jar;C:\Users\Mohit\.m2\repository\commons-validator\commons-validator\1.1.4\commons-validator-1.1.4.jar;C:\Users\Mohit\.m2\repository\oro\oro\2.0.7\oro-2.0.7.jar;C:\Users\Mohit\.m2\repository\antlr\antlr\2.7.2\antlr-2.7.2.jar;C:\Users\Mohit\.m2\repository\xalan\xalan\2.5.1\xalan-2.5.1.jar;C:\Users\Mohit\.m2\repository\javax\servlet\servlet-api\2.5\servlet-api-2.5.jar;"/>
    <property name="java.specification.name" value="Java Platform API Specification"/>
    <property name="java.class.version" value="50.0"/>
    <property name="sun.management.compiler" value="HotSpot 64-Bit Tiered Compilers"/>
    <property name="os.version" value="6.1"/>
    <property name="user.home" value="C:\Users\Mohit"/>
    <property name="user.timezone" value=""/>
    <property name="java.awt.printerjob" value="sun.awt.windows.WPrinterJob"/>
    <property name="java.specification.version" value="1.6"/>
    <property name="file.encoding" value="Cp1252"/>
    <property name="user.name" value="Mohit"/>
    <property name="java.class.path" value="C:\Projects\RajSpringCellStore\target\test-classes;C:\Projects\RajSpringCellStore\target\classes;C:\Users\Mohit\.m2\repository\junit\junit\4.9\junit-4.9.jar;C:\Users\Mohit\.m2\repository\org\hamcrest\hamcrest-core\1.1\hamcrest-core-1.1.jar;C:\Users\Mohit\.m2\repository\org\springframework\spring-context\3.0.6.RELEASE\spring-context-3.0.6.RELEASE.jar;C:\Users\Mohit\.m2\repository\org\springframework\spring-aop\3.0.6.RELEASE\spring-aop-3.0.6.RELEASE.jar;C:\Users\Mohit\.m2\repository\aopalliance\aopalliance\1.0\aopalliance-1.0.jar;C:\Users\Mohit\.m2\repository\org\springframework\spring-asm\3.0.6.RELEASE\spring-asm-3.0.6.RELEASE.jar;C:\Users\Mohit\.m2\repository\org\springframework\spring-beans\3.0.6.RELEASE\spring-beans-3.0.6.RELEASE.jar;C:\Users\Mohit\.m2\repository\org\springframework\spring-core\3.0.6.RELEASE\spring-core-3.0.6.RELEASE.jar;C:\Users\Mohit\.m2\repository\commons-logging\commons-logging\1.0.4\commons-logging-1.0.4.jar;C:\Users\Mohit\.m2\repository\org\springframework\spring-expression\3.0.6.RELEASE\spring-expression-3.0.6.RELEASE.jar;C:\Users\Mohit\.m2\repository\org\springframework\spring-web\3.0.6.RELEASE\spring-web-3.0.6.RELEASE.jar;C:\Users\Mohit\.m2\repository\mysql\mysql-connector-java\5.1.17\mysql-connector-java-5.1.17.jar;C:\Users\Mohit\.m2\repository\struts\struts\1.2.9\struts-1.2.9.jar;C:\Users\Mohit\.m2\repository\commons-beanutils\commons-beanutils\1.7.0\commons-beanutils-1.7.0.jar;C:\Users\Mohit\.m2\repository\commons-digester\commons-digester\1.6\commons-digester-1.6.jar;C:\Users\Mohit\.m2\repository\commons-collections\commons-collections\2.1\commons-collections-2.1.jar;C:\Users\Mohit\.m2\repository\xml-apis\xml-apis\1.0.b2\xml-apis-1.0.b2.jar;C:\Users\Mohit\.m2\repository\commons-fileupload\commons-fileupload\1.0\commons-fileupload-1.0.jar;C:\Users\Mohit\.m2\repository\commons-validator\commons-validator\1.1.4\commons-validator-1.1.4.jar;C:\Users\Mohit\.m2\repository\oro\oro\2.0.7\oro-2.0.7.jar;C:\Users\Mohit\.m2\repository\antlr\antlr\2.7.2\antlr-2.7.2.jar;C:\Users\Mohit\.m2\repository\xalan\xalan\2.5.1\xalan-2.5.1.jar;C:\Users\Mohit\.m2\repository\javax\servlet\servlet-api\2.5\servlet-api-2.5.jar;"/>
    <property name="java.vm.specification.version" value="1.0"/>
    <property name="sun.arch.data.model" value="64"/>
    <property name="java.home" value="C:\env\Java\jdk1.6.0_26\jre"/>
    <property name="sun.java.command" value="C:\Users\Mohit\AppData\Local\Temp\surefirebooter1756280587930085002.jar C:\Users\Mohit\AppData\Local\Temp\surefire6009802115327263484tmp C:\Users\Mohit\AppData\Local\Temp\surefire3028869915356811392tmp"/>
    <property name="java.specification.vendor" value="Sun Microsystems Inc."/>
    <property name="user.language" value="en"/>
    <property name="awt.toolkit" value="sun.awt.windows.WToolkit"/>
    <property name="java.vm.info" value="mixed mode"/>
    <property name="java.version" value="1.6.0_26"/>
    <property name="java.ext.dirs" value="C:\env\Java\jdk1.6.0_26\jre\lib\ext;C:\Windows\Sun\Java\lib\ext"/>
    <property name="sun.boot.class.path" value="C:\env\Java\jdk1.6.0_26\jre\lib\resources.jar;C:\env\Java\jdk1.6.0_26\jre\lib\rt.jar;C:\env\Java\jdk1.6.0_26\jre\lib\sunrsasign.jar;C:\env\Java\jdk1.6.0_26\jre\lib\jsse.jar;C:\env\Java\jdk1.6.0_26\jre\lib\jce.jar;C:\env\Java\jdk1.6.0_26\jre\lib\charsets.jar;C:\env\Java\jdk1.6.0_26\jre\lib\modules\jdk.boot.jar;C:\env\Java\jdk1.6.0_26\jre\classes"/>
    <property name="java.vendor" value="Sun Microsystems Inc."/>
    <property name="localRepository" value="C:\Users\Mohit\.m2\repository"/>
    <property name="file.separator" value="\"/>
    <property name="java.vendor.url.bug" value="http://java.sun.com/cgi-bin/bugreport.cgi"/>
    <property name="sun.cpu.endian" value="little"/>
    <property name="sun.io.unicode.encoding" value="UnicodeLittle"/>
    <property name="sun.desktop" value="windows"/>
    <property name="sun.cpu.isalist" value="amd64"/>
  </properties>
  <testcase time="0.002" classname="com.training.cellstore.service.CellPhoneServiceTest" name="testAddCellPhone"/>
</testsuite>